2021-11-13 10:58:10.722 [main] INFO 
                com.example.eduservice.EduApplication - Starting EduApplication on DESKTOP-3N9M23B with PID 1348 (C:\applicationfiles\JavaFiles\OnlineLearningPlantform\Study_parent\service\service_edu\target\classes started by JiangTonghui in C:\applicationfiles\JavaFiles\OnlineLearningPlantform\Study_parent)
2021-11-13 10:58:10.735 [main] INFO 
                com.example.eduservice.EduApplication - The following profiles are active: dev
2021-11-13 10:58:12.595 [main] INFO 
                o.s.d.r.config.RepositoryConfigurationDelegate - Multiple Spring Data modules found, entering strict repository configuration mode!
2021-11-13 10:58:12.599 [main] INFO 
                o.s.d.r.config.RepositoryConfigurationDelegate - Bootstrapping Spring Data repositories in DEFAULT mode.
2021-11-13 10:58:12.645 [main] INFO 
                o.s.d.r.config.RepositoryConfigurationDelegate - Finished Spring Data repository scanning in 17ms. Found 0 repository interfaces.
2021-11-13 10:58:13.400 [main] INFO 
                o.s.c.s.PostProcessorRegistrationDelegate$BeanPostProcessorChecker - Bean 'org.springframework.transaction.annotation.ProxyTransactionManagementConfiguration' of type [org.springframework.transaction.annotation.ProxyTransactionManagementConfiguration] is not eligible for getting processed by all BeanPostProcessors (for example: not eligible for auto-proxying)
2021-11-13 10:58:13.845 [main] INFO 
                o.s.boot.web.embedded.tomcat.TomcatWebServer - Tomcat initialized with port(s): 8001 (http)
2021-11-13 10:58:13.866 [main] INFO 
                org.apache.coyote.http11.Http11NioProtocol - Initializing ProtocolHandler ["http-nio-8001"]
2021-11-13 10:58:13.867 [main] INFO 
                org.apache.catalina.core.StandardService - Starting service [Tomcat]
2021-11-13 10:58:13.867 [main] INFO 
                org.apache.catalina.core.StandardEngine - Starting Servlet engine: [Apache Tomcat/9.0.27]
2021-11-13 10:58:14.330 [main] INFO 
                o.a.c.core.ContainerBase.[Tomcat].[localhost].[/] - Initializing Spring embedded WebApplicationContext
2021-11-13 10:58:14.330 [main] INFO 
                org.springframework.web.context.ContextLoader - Root WebApplicationContext: initialization completed in 3305 ms
2021-11-13 10:58:14.947 [main] INFO 
                com.zaxxer.hikari.HikariDataSource - HikariPool-1 - Starting...
2021-11-13 10:58:16.035 [main] INFO 
                com.zaxxer.hikari.HikariDataSource - HikariPool-1 - Start completed.
2021-11-13 10:58:17.151 [main] INFO 
                s.d.s.w.PropertySourcedRequestMappingHandlerMapping - Mapped URL path [/v2/api-docs] onto method [springfox.documentation.swagger2.web.Swagger2Controller#getDocumentation(String, HttpServletRequest)]
2021-11-13 10:58:17.372 [main] INFO 
                o.s.scheduling.concurrent.ThreadPoolTaskExecutor - Initializing ExecutorService 'applicationTaskExecutor'
2021-11-13 10:58:18.328 [main] INFO 
                s.d.s.web.plugins.DocumentationPluginsBootstrapper - Context refreshed
2021-11-13 10:58:18.360 [main] INFO 
                s.d.s.web.plugins.DocumentationPluginsBootstrapper - Found 1 custom documentation plugin(s)
2021-11-13 10:58:18.430 [main] INFO 
                s.d.spring.web.scanners.ApiListingReferenceScanner - Scanning for api listing references
2021-11-13 10:58:18.758 [main] INFO 
                org.apache.coyote.http11.Http11NioProtocol - Starting ProtocolHandler ["http-nio-8001"]
2021-11-13 10:58:18.797 [main] INFO 
                o.s.boot.web.embedded.tomcat.TomcatWebServer - Tomcat started on port(s): 8001 (http) with context path ''
2021-11-13 10:58:18.801 [main] INFO 
                com.example.eduservice.EduApplication - Started EduApplication in 9.804 seconds (JVM running for 13.373)
